<?xml version="1.0" encoding="UTF-8"?>
<testsuites>
  <testsuite name="All" tests="13" assertions="49" failures="0" errors="0" time="0.160841">
    <testsuite name="AuthenticationTest" file="/mnt/hgfs/github-repository/trolamine/test/modules/authentication/AuthenticationTest.php" tests="6" assertions="7" failures="0" errors="0" time="0.088686">
      <testcase name="testAuthentication" class="AuthenticationTest" file="/mnt/hgfs/github-repository/trolamine/test/modules/authentication/AuthenticationTest.php" line="36" assertions="2" time="0.059297"/>
      <testcase name="testAuthenticationFailureDisabled" class="AuthenticationTest" file="/mnt/hgfs/github-repository/trolamine/test/modules/authentication/AuthenticationTest.php" line="68" assertions="1" time="0.008639"/>
      <testcase name="testAuthenticationFailureAccountExpired" class="AuthenticationTest" file="/mnt/hgfs/github-repository/trolamine/test/modules/authentication/AuthenticationTest.php" line="82" assertions="1" time="0.004805"/>
      <testcase name="testAuthenticationFailureCredentialsExpired" class="AuthenticationTest" file="/mnt/hgfs/github-repository/trolamine/test/modules/authentication/AuthenticationTest.php" line="95" assertions="1" time="0.004671"/>
      <testcase name="testAuthenticationFailureLocked" class="AuthenticationTest" file="/mnt/hgfs/github-repository/trolamine/test/modules/authentication/AuthenticationTest.php" line="108" assertions="1" time="0.005607"/>
      <testcase name="testAuthenticationFailureBadCredentials" class="AuthenticationTest" file="/mnt/hgfs/github-repository/trolamine/test/modules/authentication/AuthenticationTest.php" line="123" assertions="1" time="0.005667"/>
    </testsuite>
    <testsuite name="SecurityTest" file="/mnt/hgfs/github-repository/trolamine/test/modules/security/SecurityTest.php" tests="7" assertions="42" failures="0" errors="0" time="0.072154">
      <testcase name="testAuthenticationMode" class="SecurityTest" file="/mnt/hgfs/github-repository/trolamine/test/modules/security/SecurityTest.php" line="42" assertions="11" time="0.018076"/>
      <testcase name="testVoter" class="SecurityTest" file="/mnt/hgfs/github-repository/trolamine/test/modules/security/SecurityTest.php" line="61" assertions="7" time="0.009610"/>
      <testcase name="testUnanimousDecisionManager" class="SecurityTest" file="/mnt/hgfs/github-repository/trolamine/test/modules/security/SecurityTest.php" line="143" assertions="7" time="0.013554"/>
      <testcase name="testConsensusDecisionManager" class="SecurityTest" file="/mnt/hgfs/github-repository/trolamine/test/modules/security/SecurityTest.php" line="170" assertions="8" time="0.010816"/>
      <testcase name="testAffirmativeDecisionManager" class="SecurityTest" file="/mnt/hgfs/github-repository/trolamine/test/modules/security/SecurityTest.php" line="196" assertions="7" time="0.008756"/>
      <testcase name="testSecuredSuccess" class="SecurityTest" file="/mnt/hgfs/github-repository/trolamine/test/modules/security/SecurityTest.php" line="229" assertions="1" time="0.007027"/>
      <testcase name="testSecuredFailure" class="SecurityTest" file="/mnt/hgfs/github-repository/trolamine/test/modules/security/SecurityTest.php" line="241" assertions="1" time="0.004315"/>
    </testsuite>
  </testsuite>
</testsuites>
